  Ventana.cpp
c:\users\juan manuel\desktop\mot_pg\prog_graficos - copy\dll_engine_jms\dll_engine_jms\ventana.h(16): warning C4251: 'Ventana::className': class 'std::basic_string<wchar_t,std::char_traits<wchar_t>,std::allocator<wchar_t>>' needs to have dll-interface to be used by clients of class 'Ventana'
  Sprite.cpp
c:\users\juan manuel\desktop\mot_pg\prog_graficos - copy\dll_engine_jms\dll_engine_jms\ventana.h(16): warning C4251: 'Ventana::className': class 'std::basic_string<wchar_t,std::char_traits<wchar_t>,std::allocator<wchar_t>>' needs to have dll-interface to be used by clients of class 'Ventana'
c:\users\juan manuel\desktop\mot_pg\prog_graficos - copy\dll_engine_jms\dll_engine_jms\entity.h(24): warning C4251: 'Entity::name': class 'std::basic_string<char,std::char_traits<char>,std::allocator<char>>' needs to have dll-interface to be used by clients of class 'Entity'
  Shape.cpp
c:\users\juan manuel\desktop\mot_pg\prog_graficos - copy\dll_engine_jms\dll_engine_jms\ventana.h(16): warning C4251: 'Ventana::className': class 'std::basic_string<wchar_t,std::char_traits<wchar_t>,std::allocator<wchar_t>>' needs to have dll-interface to be used by clients of class 'Ventana'
c:\users\juan manuel\desktop\mot_pg\prog_graficos - copy\dll_engine_jms\dll_engine_jms\entity.h(24): warning C4251: 'Entity::name': class 'std::basic_string<char,std::char_traits<char>,std::allocator<char>>' needs to have dll-interface to be used by clients of class 'Entity'
  Graphics.cpp
c:\users\juan manuel\desktop\mot_pg\prog_graficos - copy\dll_engine_jms\dll_engine_jms\ventana.h(16): warning C4251: 'Ventana::className': class 'std::basic_string<wchar_t,std::char_traits<wchar_t>,std::allocator<wchar_t>>' needs to have dll-interface to be used by clients of class 'Ventana'
c:\users\juan manuel\desktop\mot_pg\prog_graficos - copy\dll_engine_jms\dll_engine_jms\graphics.cpp(132): warning C4838: conversion from 'int' to 'DWORD' requires a narrowing conversion
  Game.cpp
c:\users\juan manuel\desktop\mot_pg\prog_graficos - copy\dll_engine_jms\dll_engine_jms\ventana.h(16): warning C4251: 'Ventana::className': class 'std::basic_string<wchar_t,std::char_traits<wchar_t>,std::allocator<wchar_t>>' needs to have dll-interface to be used by clients of class 'Ventana'
c:\users\juan manuel\desktop\mot_pg\prog_graficos - copy\dll_engine_jms\dll_engine_jms\entity.h(24): warning C4251: 'Entity::name': class 'std::basic_string<char,std::char_traits<char>,std::allocator<char>>' needs to have dll-interface to be used by clients of class 'Entity'
  Entity2d.cpp
c:\users\juan manuel\desktop\mot_pg\prog_graficos - copy\dll_engine_jms\dll_engine_jms\ventana.h(16): warning C4251: 'Ventana::className': class 'std::basic_string<wchar_t,std::char_traits<wchar_t>,std::allocator<wchar_t>>' needs to have dll-interface to be used by clients of class 'Ventana'
c:\users\juan manuel\desktop\mot_pg\prog_graficos - copy\dll_engine_jms\dll_engine_jms\entity.h(24): warning C4251: 'Entity::name': class 'std::basic_string<char,std::char_traits<char>,std::allocator<char>>' needs to have dll-interface to be used by clients of class 'Entity'
  Entity.cpp
c:\users\juan manuel\desktop\mot_pg\prog_graficos - copy\dll_engine_jms\dll_engine_jms\ventana.h(16): warning C4251: 'Ventana::className': class 'std::basic_string<wchar_t,std::char_traits<wchar_t>,std::allocator<wchar_t>>' needs to have dll-interface to be used by clients of class 'Ventana'
c:\users\juan manuel\desktop\mot_pg\prog_graficos - copy\dll_engine_jms\dll_engine_jms\entity.h(24): warning C4251: 'Entity::name': class 'std::basic_string<char,std::char_traits<char>,std::allocator<char>>' needs to have dll-interface to be used by clients of class 'Entity'
  CustomVertex_01.cpp
  Generating Code...
     Creating library C:\Users\Juan Manuel\Desktop\mot_pg\Prog_graficos - Copy\Dll_engine_jms\Debug\Dll_engine_jms.lib and object C:\Users\Juan Manuel\Desktop\mot_pg\Prog_graficos - Copy\Dll_engine_jms\Debug\Dll_engine_jms.exp
  Dll_engine_jms.vcxproj -> C:\Users\Juan Manuel\Desktop\mot_pg\Prog_graficos - Copy\Dll_engine_jms\Debug\Dll_engine_jms.dll
