c:\users\juan manuel\desktop\motorjms\motorjms-master\engine_13_4 - copy\prog_graficos - copy\dll_engine_jms\dll_engine_jms\debug\vc140.pdb
c:\users\juan manuel\desktop\motorjms\motorjms-master\engine_13_4 - copy\prog_graficos - copy\dll_engine_jms\dll_engine_jms\debug\vc140.idb
c:\users\juan manuel\desktop\motorjms\motorjms-master\engine_13_4 - copy\prog_graficos - copy\dll_engine_jms\dll_engine_jms\debug\customvertex_01.obj
c:\users\juan manuel\desktop\motorjms\motorjms-master\engine_13_4 - copy\prog_graficos - copy\dll_engine_jms\dll_engine_jms\debug\entity.obj
c:\users\juan manuel\desktop\motorjms\motorjms-master\engine_13_4 - copy\prog_graficos - copy\dll_engine_jms\dll_engine_jms\debug\entity2d.obj
c:\users\juan manuel\desktop\motorjms\motorjms-master\engine_13_4 - copy\prog_graficos - copy\dll_engine_jms\dll_engine_jms\debug\game.obj
c:\users\juan manuel\desktop\motorjms\motorjms-master\engine_13_4 - copy\prog_graficos - copy\dll_engine_jms\dll_engine_jms\debug\graphics.obj
c:\users\juan manuel\desktop\motorjms\motorjms-master\engine_13_4 - copy\prog_graficos - copy\dll_engine_jms\dll_engine_jms\debug\shape.obj
c:\users\juan manuel\desktop\motorjms\motorjms-master\engine_13_4 - copy\prog_graficos - copy\dll_engine_jms\dll_engine_jms\debug\sprite.obj
c:\users\juan manuel\desktop\motorjms\motorjms-master\engine_13_4 - copy\prog_graficos - copy\dll_engine_jms\dll_engine_jms\debug\ventana.obj
c:\users\juan manuel\desktop\motorjms\motorjms-master\engine_13_4 - copy\prog_graficos - copy\dll_engine_jms\debug\dll_engine_jms.lib
c:\users\juan manuel\desktop\motorjms\motorjms-master\engine_13_4 - copy\prog_graficos - copy\dll_engine_jms\debug\dll_engine_jms.exp
c:\users\juan manuel\desktop\motorjms\motorjms-master\engine_13_4 - copy\prog_graficos - copy\dll_engine_jms\debug\dll_engine_jms.ilk
c:\users\juan manuel\desktop\motorjms\motorjms-master\engine_13_4 - copy\prog_graficos - copy\dll_engine_jms\debug\dll_engine_jms.dll
c:\users\juan manuel\desktop\motorjms\motorjms-master\engine_13_4 - copy\prog_graficos - copy\dll_engine_jms\debug\dll_engine_jms.pdb
c:\users\juan manuel\desktop\motorjms\motorjms-master\engine_13_4 - copy\prog_graficos - copy\dll_engine_jms\dll_engine_jms\debug\dll_engine_jms.tlog\cl.command.1.tlog
c:\users\juan manuel\desktop\motorjms\motorjms-master\engine_13_4 - copy\prog_graficos - copy\dll_engine_jms\dll_engine_jms\debug\dll_engine_jms.tlog\cl.read.1.tlog
c:\users\juan manuel\desktop\motorjms\motorjms-master\engine_13_4 - copy\prog_graficos - copy\dll_engine_jms\dll_engine_jms\debug\dll_engine_jms.tlog\cl.write.1.tlog
c:\users\juan manuel\desktop\motorjms\motorjms-master\engine_13_4 - copy\prog_graficos - copy\dll_engine_jms\dll_engine_jms\debug\dll_engine_jms.tlog\dll_engine_jms.write.1u.tlog
c:\users\juan manuel\desktop\motorjms\motorjms-master\engine_13_4 - copy\prog_graficos - copy\dll_engine_jms\dll_engine_jms\debug\dll_engine_jms.tlog\link.command.1.tlog
c:\users\juan manuel\desktop\motorjms\motorjms-master\engine_13_4 - copy\prog_graficos - copy\dll_engine_jms\dll_engine_jms\debug\dll_engine_jms.tlog\link.read.1.tlog
c:\users\juan manuel\desktop\motorjms\motorjms-master\engine_13_4 - copy\prog_graficos - copy\dll_engine_jms\dll_engine_jms\debug\dll_engine_jms.tlog\link.write.1.tlog
